0 info it worked if it ends with ok
1 verbose cli [ 'C:\\Program Files\\nodejs\\\\node.exe',
1 verbose cli   'C:\\Program Files\\nodejs\\node_modules\\npm\\bin\\npm-cli.js',
1 verbose cli   'install',
1 verbose cli   '--save',
1 verbose cli   'wx-server-sdk@latest' ]
2 info using npm@1.1.61
3 info using node@v0.8.9
4 verbose node symlink C:\Program Files\nodejs\\node.exe
5 verbose read json D:\wechar_project\xuanke_test_ying\cloudfunctions\users\package.json
6 warn package.json \@1.0.0 No README.md file found!
7 verbose from cache D:\wechar_project\xuanke_test_ying\cloudfunctions\users\package.json
8 verbose readDependencies using package.json deps
9 verbose cache add [ 'wx-server-sdk@latest', null ]
10 silly cache add name=undefined spec="wx-server-sdk@latest" args=["wx-server-sdk@latest",null]
11 verbose parsed url { pathname: 'wx-server-sdk@latest',
11 verbose parsed url   path: 'wx-server-sdk@latest',
11 verbose parsed url   href: 'wx-server-sdk@latest' }
12 silly cache add name="wx-server-sdk" spec="latest" args=["wx-server-sdk","latest"]
13 verbose parsed url { pathname: 'latest', path: 'latest', href: 'latest' }
14 verbose addNamed [ 'wx-server-sdk', 'latest' ]
15 verbose addNamed [ null, null ]
16 silly lockFile 013c3fe7-wx-server-sdk-latest wx-server-sdk@latest
17 verbose lock wx-server-sdk@latest C:\Program Files\nodejs\node_cache\013c3fe7-wx-server-sdk-latest.lock
18 silly lockFile 013c3fe7-wx-server-sdk-latest wx-server-sdk@latest
19 error Error: EPERM, open 'C:\Program Files\nodejs\node_cache\013c3fe7-wx-server-sdk-latest.lock'
19 error  { [Error: EPERM, open 'C:\Program Files\nodejs\node_cache\013c3fe7-wx-server-sdk-latest.lock']
19 error   errno: 50,
19 error   code: 'EPERM',
19 error   path: 'C:\\Program Files\\nodejs\\node_cache\\013c3fe7-wx-server-sdk-latest.lock' }
20 error Please try running this command again as root/Administrator.
21 error System Windows_NT 6.2.9200
22 error command "C:\\Program Files\\nodejs\\\\node.exe" "C:\\Program Files\\nodejs\\node_modules\\npm\\bin\\npm-cli.js" "install" "--save" "wx-server-sdk@latest"
23 error cwd D:\wechar_project\xuanke_test_ying\cloudfunctions\users
24 error node -v v0.8.9
25 error npm -v 1.1.61
26 error path C:\Program Files\nodejs\node_cache\013c3fe7-wx-server-sdk-latest.lock
27 error code EPERM
28 error errno 50
29 error stack Error: EPERM, open 'C:\Program Files\nodejs\node_cache\013c3fe7-wx-server-sdk-latest.lock'
30 verbose exit [ 50, true ]
